[spacetraders-http]  DEBUG - GET https://api.spacetraders.io/my/account with params None
[spacetraders-http]  DEBUG - Maximum retries: 5
[spacetraders-http]  DEBUG - URL has returned {'user': {'username': 'tessssssssssssst', 'shipCount': 0, 'structureCount': 0, 'joinedAt': '2021-09-28T16:55:25.658Z', 'credits': 0}}
[spacetraders-http]  DEBUG - GET https://api.spacetraders.io/my/account with params None
[spacetraders-http]  DEBUG - Maximum retries: 5
[spacetraders-http]  DEBUG - URL has returned {'user': {'username': 'tessssssssssssst', 'shipCount': 0, 'structureCount': 0, 'joinedAt': '2021-09-28T16:55:25.658Z', 'credits': 0}}
[spacetraders-http]  WARNING - Client has hit ratelimit, locking and waiting for 2.832 seconds
[spacetraders-http]  WARNING - Wait over, releasing lock and returning response
[spacetraders-http]  DEBUG - GET https://api.spacetraders.io/my/account with params None
[spacetraders-http]  DEBUG - Maximum retries: 5
[spacetraders-http]  DEBUG - URL has returned {'user': {'username': 'tessssssssssssst', 'shipCount': 0, 'structureCount': 0, 'joinedAt': '2021-09-28T16:55:25.658Z', 'credits': 0}}
[spacetraders-http]  DEBUG - GET https://api.spacetraders.io/my/account with params None
[spacetraders-http]  DEBUG - Maximum retries: 5
[spacetraders-http]  DEBUG - URL has returned {'user': {'username': 'tessssssssssssst', 'shipCount': 0, 'structureCount': 0, 'joinedAt': '2021-09-28T16:55:25.658Z', 'credits': 0}}
[spacetraders-http]  WARNING - Client has hit ratelimit, locking and waiting for 2.791 seconds
[spacetraders-http]  WARNING - Wait over, releasing lock and returning response
[spacetraders-http]  DEBUG - GET https://api.spacetraders.io/my/account with params None
[spacetraders-http]  DEBUG - Maximum retries: 5
[spacetraders-http]  DEBUG - URL has returned {'user': {'username': 'tessssssssssssst', 'shipCount': 0, 'structureCount': 0, 'joinedAt': '2021-09-28T16:55:25.658Z', 'credits': 0}}
[spacetraders-http]  DEBUG - GET https://api.spacetraders.io/my/account with params None
[spacetraders-http]  DEBUG - Maximum retries: 5
[spacetraders-http]  DEBUG - URL has returned {'user': {'username': 'tessssssssssssst', 'shipCount': 0, 'structureCount': 0, 'joinedAt': '2021-09-28T16:55:25.658Z', 'credits': 0}}
[spacetraders-http]  WARNING - Client has hit ratelimit, locking and waiting for 2.596 seconds
[spacetraders-http]  WARNING - Wait over, releasing lock and returning response
[spacetraders-http]  DEBUG - GET https://api.spacetraders.io/my/account with params None
[spacetraders-http]  DEBUG - Maximum retries: 5
[spacetraders-http]  DEBUG - URL has returned {'user': {'username': 'tessssssssssssst', 'shipCount': 0, 'structureCount': 0, 'joinedAt': '2021-09-28T16:55:25.658Z', 'credits': 0}}
[spacetraders-http]  DEBUG - GET https://api.spacetraders.io/my/account with params None
[spacetraders-http]  DEBUG - Maximum retries: 5
[spacetraders-http]  DEBUG - URL has returned {'user': {'username': 'tessssssssssssst', 'shipCount': 0, 'structureCount': 0, 'joinedAt': '2021-09-28T16:55:25.658Z', 'credits': 0}}
[spacetraders-http]  WARNING - Client has hit ratelimit, locking and waiting for 2.715 seconds
[spacetraders-http]  WARNING - Wait over, releasing lock and returning response
